c:\visual studio 2015\projects\seetafaceengine-master\faceidentification\examples\identification\x64\debug\vc140.pdb
c:\visual studio 2015\projects\seetafaceengine-master\faceidentification\examples\identification\x64\debug\vc140.idb
c:\visual studio 2015\projects\seetafaceengine-master\faceidentification\examples\identification\x64\debug\bias_adder_net.obj
c:\visual studio 2015\projects\seetafaceengine-master\faceidentification\examples\identification\x64\debug\blob.obj
c:\visual studio 2015\projects\seetafaceengine-master\faceidentification\examples\identification\x64\debug\bn_net.obj
c:\visual studio 2015\projects\seetafaceengine-master\faceidentification\examples\identification\x64\debug\common_net.obj
c:\visual studio 2015\projects\seetafaceengine-master\faceidentification\examples\identification\x64\debug\conv_net.obj
c:\visual studio 2015\projects\seetafaceengine-master\faceidentification\examples\identification\x64\debug\eltwise_net.obj
c:\visual studio 2015\projects\seetafaceengine-master\faceidentification\examples\identification\x64\debug\inner_product_net.obj
c:\visual studio 2015\projects\seetafaceengine-master\faceidentification\examples\identification\x64\debug\log.obj
c:\visual studio 2015\projects\seetafaceengine-master\faceidentification\examples\identification\x64\debug\math_functions.obj
c:\visual studio 2015\projects\seetafaceengine-master\faceidentification\examples\identification\x64\debug\max_pooling_net.obj
c:\visual studio 2015\projects\seetafaceengine-master\faceidentification\examples\identification\x64\debug\net.obj
c:\visual studio 2015\projects\seetafaceengine-master\faceidentification\examples\identification\x64\debug\pad_net.obj
c:\visual studio 2015\projects\seetafaceengine-master\faceidentification\examples\identification\x64\debug\spatial_transform_net.obj
c:\visual studio 2015\projects\seetafaceengine-master\faceidentification\examples\identification\x64\debug\tform_maker_net.obj
c:\visual studio 2015\projects\seetafaceengine-master\faceidentification\examples\identification\x64\debug\aligner.obj
c:\visual studio 2015\projects\seetafaceengine-master\faceidentification\examples\identification\x64\debug\face_identification.obj
c:\visual studio 2015\projects\seetafaceengine-master\faceidentification\examples\x64\debug\identification.lib
c:\visual studio 2015\projects\seetafaceengine-master\faceidentification\examples\x64\debug\identification.exp
c:\visual studio 2015\projects\seetafaceengine-master\faceidentification\examples\x64\debug\identification.ilk
c:\visual studio 2015\projects\seetafaceengine-master\faceidentification\examples\x64\debug\identification.dll
c:\visual studio 2015\projects\seetafaceengine-master\faceidentification\examples\x64\debug\identification.pdb
c:\visual studio 2015\projects\seetafaceengine-master\faceidentification\examples\identification\x64\debug\identification.tlog\cl.command.1.tlog
c:\visual studio 2015\projects\seetafaceengine-master\faceidentification\examples\identification\x64\debug\identification.tlog\cl.read.1.tlog
c:\visual studio 2015\projects\seetafaceengine-master\faceidentification\examples\identification\x64\debug\identification.tlog\cl.write.1.tlog
c:\visual studio 2015\projects\seetafaceengine-master\faceidentification\examples\identification\x64\debug\identification.tlog\identification.write.1u.tlog
c:\visual studio 2015\projects\seetafaceengine-master\faceidentification\examples\identification\x64\debug\identification.tlog\link.command.1.tlog
c:\visual studio 2015\projects\seetafaceengine-master\faceidentification\examples\identification\x64\debug\identification.tlog\link.read.1.tlog
c:\visual studio 2015\projects\seetafaceengine-master\faceidentification\examples\identification\x64\debug\identification.tlog\link.write.1.tlog
