c:\visual studio 2015\projects\seetafaceengine-master\facedetection\examples\facedetection\x64\debug\vc140.pdb
c:\visual studio 2015\projects\seetafaceengine-master\facedetection\examples\facedetection\x64\debug\vc140.idb
c:\visual studio 2015\projects\seetafaceengine-master\facedetection\examples\facedetection\x64\debug\lab_boosted_classifier.obj
c:\visual studio 2015\projects\seetafaceengine-master\facedetection\examples\facedetection\x64\debug\mlp.obj
c:\visual studio 2015\projects\seetafaceengine-master\facedetection\examples\facedetection\x64\debug\surf_mlp.obj
c:\visual studio 2015\projects\seetafaceengine-master\facedetection\examples\facedetection\x64\debug\face_detection.obj
c:\visual studio 2015\projects\seetafaceengine-master\facedetection\examples\facedetection\x64\debug\lab_feature_map.obj
c:\visual studio 2015\projects\seetafaceengine-master\facedetection\examples\facedetection\x64\debug\surf_feature_map.obj
c:\visual studio 2015\projects\seetafaceengine-master\facedetection\examples\facedetection\x64\debug\fust.obj
c:\visual studio 2015\projects\seetafaceengine-master\facedetection\examples\facedetection\x64\debug\lab_boost_model_reader.obj
c:\visual studio 2015\projects\seetafaceengine-master\facedetection\examples\facedetection\x64\debug\surf_mlp_model_reader.obj
c:\visual studio 2015\projects\seetafaceengine-master\facedetection\examples\facedetection\x64\debug\image_pyramid.obj
c:\visual studio 2015\projects\seetafaceengine-master\facedetection\examples\facedetection\x64\debug\nms.obj
c:\visual studio 2015\projects\seetafaceengine-master\facedetection\examples\x64\debug\facedetection.lib
c:\visual studio 2015\projects\seetafaceengine-master\facedetection\examples\x64\debug\facedetection.exp
c:\visual studio 2015\projects\seetafaceengine-master\facedetection\examples\x64\debug\facedetection.ilk
c:\visual studio 2015\projects\seetafaceengine-master\facedetection\examples\x64\debug\facedetection.dll
c:\visual studio 2015\projects\seetafaceengine-master\facedetection\examples\x64\debug\facedetection.pdb
c:\visual studio 2015\projects\seetafaceengine-master\facedetection\examples\facedetection\x64\debug\facedetection.tlog\cl.command.1.tlog
c:\visual studio 2015\projects\seetafaceengine-master\facedetection\examples\facedetection\x64\debug\facedetection.tlog\cl.read.1.tlog
c:\visual studio 2015\projects\seetafaceengine-master\facedetection\examples\facedetection\x64\debug\facedetection.tlog\cl.write.1.tlog
c:\visual studio 2015\projects\seetafaceengine-master\facedetection\examples\facedetection\x64\debug\facedetection.tlog\facedetection.write.1u.tlog
c:\visual studio 2015\projects\seetafaceengine-master\facedetection\examples\facedetection\x64\debug\facedetection.tlog\link.command.1.tlog
c:\visual studio 2015\projects\seetafaceengine-master\facedetection\examples\facedetection\x64\debug\facedetection.tlog\link.read.1.tlog
c:\visual studio 2015\projects\seetafaceengine-master\facedetection\examples\facedetection\x64\debug\facedetection.tlog\link.write.1.tlog
