c:\visual studio 2015\projects\seetafaceengine-master\faceidentification\examples\identification\x64\release\vc140.pdb
c:\visual studio 2015\projects\seetafaceengine-master\faceidentification\examples\identification\x64\release\face_identification.obj
c:\visual studio 2015\projects\seetafaceengine-master\faceidentification\examples\identification\x64\release\aligner.obj
c:\visual studio 2015\projects\seetafaceengine-master\faceidentification\examples\identification\x64\release\tform_maker_net.obj
c:\visual studio 2015\projects\seetafaceengine-master\faceidentification\examples\identification\x64\release\spatial_transform_net.obj
c:\visual studio 2015\projects\seetafaceengine-master\faceidentification\examples\identification\x64\release\pad_net.obj
c:\visual studio 2015\projects\seetafaceengine-master\faceidentification\examples\identification\x64\release\net.obj
c:\visual studio 2015\projects\seetafaceengine-master\faceidentification\examples\identification\x64\release\max_pooling_net.obj
c:\visual studio 2015\projects\seetafaceengine-master\faceidentification\examples\identification\x64\release\math_functions.obj
c:\visual studio 2015\projects\seetafaceengine-master\faceidentification\examples\identification\x64\release\log.obj
c:\visual studio 2015\projects\seetafaceengine-master\faceidentification\examples\identification\x64\release\inner_product_net.obj
c:\visual studio 2015\projects\seetafaceengine-master\faceidentification\examples\identification\x64\release\eltwise_net.obj
c:\visual studio 2015\projects\seetafaceengine-master\faceidentification\examples\identification\x64\release\conv_net.obj
c:\visual studio 2015\projects\seetafaceengine-master\faceidentification\examples\identification\x64\release\common_net.obj
c:\visual studio 2015\projects\seetafaceengine-master\faceidentification\examples\identification\x64\release\bn_net.obj
c:\visual studio 2015\projects\seetafaceengine-master\faceidentification\examples\identification\x64\release\blob.obj
c:\visual studio 2015\projects\seetafaceengine-master\faceidentification\examples\identification\x64\release\bias_adder_net.obj
c:\visual studio 2015\projects\seetafaceengine-master\faceidentification\examples\x64\release\identification.lib
c:\visual studio 2015\projects\seetafaceengine-master\faceidentification\examples\x64\release\identification.exp
c:\visual studio 2015\projects\seetafaceengine-master\faceidentification\examples\x64\release\identification.dll
c:\visual studio 2015\projects\seetafaceengine-master\faceidentification\examples\x64\release\identification.ipdb
c:\visual studio 2015\projects\seetafaceengine-master\faceidentification\examples\x64\release\identification.iobj
c:\visual studio 2015\projects\seetafaceengine-master\faceidentification\examples\x64\release\identification.pdb
c:\visual studio 2015\projects\seetafaceengine-master\faceidentification\examples\identification\x64\release\identification.tlog\cl.command.1.tlog
c:\visual studio 2015\projects\seetafaceengine-master\faceidentification\examples\identification\x64\release\identification.tlog\cl.read.1.tlog
c:\visual studio 2015\projects\seetafaceengine-master\faceidentification\examples\identification\x64\release\identification.tlog\cl.write.1.tlog
c:\visual studio 2015\projects\seetafaceengine-master\faceidentification\examples\identification\x64\release\identification.tlog\identification.write.1u.tlog
c:\visual studio 2015\projects\seetafaceengine-master\faceidentification\examples\identification\x64\release\identification.tlog\link.command.1.tlog
c:\visual studio 2015\projects\seetafaceengine-master\faceidentification\examples\identification\x64\release\identification.tlog\link.read.1.tlog
c:\visual studio 2015\projects\seetafaceengine-master\faceidentification\examples\identification\x64\release\identification.tlog\link.write.1.tlog
